<testsuite failures="1" name="src/main/java/karate/deletepet.feature" skipped="0" tests="1" time="6.987523">
  <testcase classname="src.main.java.karate.deletepet" name="Delete Pet using petId" time="6.987523">
    <failure message="deletepet.feature:11 - status code was: 405, expected: 200, response time: 1440, url: https://petstore.swagger.io/v2/pet/#(pet_id), response: &lt;apiResponse&gt;&lt;type&gt;unknown&lt;/type&gt;&lt;/apiResponse&gt;">* def resp = call read('AddnewPet.feature') ............................... passed
* def pet_id = resp.id .................................................... passed
* print resp.response.id .................................................. passed
Given url 'https://petstore.swagger.io/v2/pet/'+'#(pet_id)' ............... passed
When method delete ........................................................ passed
Then status 200 ........................................................... failed

Stack Trace:
com.intuit.karate.exception.KarateException: deletepet.feature:11 - status code was: 405, expected: 200, response time: 1440, url: https://petstore.swagger.io/v2/pet/#(pet_id), response: &lt;apiResponse&gt;&lt;type&gt;unknown&lt;/type&gt;&lt;/apiResponse&gt;&#13;
	at âœ½.Then status 200 (deletepet.feature:11)</failure>
  </testcase>
</testsuite>
