<testsuite failures="1" name="src/main/java/karate/deletepurchaseorder.feature" skipped="0" tests="1" time="8.430845">
  <testcase classname="src.main.java.karate.deletepurchaseorder" name="Delete purchase order" time="8.430845">
    <failure message="deletepurchaseorder.feature:11 - status code was: 405, expected: 200, response time: 2212, url: https://petstore.swagger.io/v2/store/order#(order_id), response: &lt;apiResponse&gt;&lt;type&gt;unknown&lt;/type&gt;&lt;/apiResponse&gt;">* def resp = call read('PlaceOrderForPet.feature') ........................ passed
* def order_id = resp.id .................................................. passed
Given url 'https://petstore.swagger.io/v2/store/order' +'#(order_id)' ..... passed
When method delete ........................................................ passed
Then status 200 ........................................................... failed

Stack Trace:
com.intuit.karate.exception.KarateException: deletepurchaseorder.feature:11 - status code was: 405, expected: 200, response time: 2212, url: https://petstore.swagger.io/v2/store/order#(order_id), response: &lt;apiResponse&gt;&lt;type&gt;unknown&lt;/type&gt;&lt;/apiResponse&gt;&#13;
	at âœ½.Then status 200 (deletepurchaseorder.feature:11)</failure>
  </testcase>
</testsuite>
